[WsTransport] WebSocket server started
[BroadcastScheduler] Started, ticking every 100ms
[RoomCleanup] Started, sweeping every 30s
node:events:486
      throw er; // Unhandled 'error' event
      ^

Error: listen EPERM: operation not permitted 127.0.0.1:3002
    at Server.setupListenHandle [as _listen2] (node:net:1994:21)
    at listenInCluster (node:net:2073:12)
    at node:net:2282:7
    at process.processTicksAndRejections (node:internal/process/task_queues:90:21)
Emitted 'error' event on WebSocketServer instance at:
    at Server.emit (node:events:508:20)
    at emitErrorNT (node:net:2052:8)
    at process.processTicksAndRejections (node:internal/process/task_queues:90:21) {
  code: 'EPERM',
  errno: -1,
  syscall: 'listen',
  address: '127.0.0.1',
  port: 3002
}

Node.js v25.6.1
